<?xml version="1.0" encoding="UTF-8"?>
<testsuite name="Agregar Productos Amor" tests="1" skipped="0" failures="1" errors="0" timestamp="2024-10-28T22:26:37" hostname="DESKTOP-PBHBGKH" time="21.092">
  <properties/>
  <testcase name="Seleccionar dos productos de la" classname="Agregar Productos Amor" time="21.092">
    <failure message="java.lang.NullPointerException" type="java.lang.NullPointerException">java.lang.NullPointerException
	at com.floristeriamundoflor.StepDefinitions.AgregarProductosAmorStepDefinition.el_agregue_al_carrito_el_producto_uno(AgregarProductosAmorStepDefinition.java:33)
	at ✽.El agregue al carrito el producto uno(src/test/resources/features/AgregarProductosAmor.feature:11)
</failure>
    <failure message="cucumber.runtime.junit.UndefinedThrowable: The step &quot;El agregue al carrito el producto dos&quot; is undefined" type="cucumber.runtime.junit.UndefinedThrowable">cucumber.runtime.junit.UndefinedThrowable: The step &quot;El agregue al carrito el producto dos&quot; is undefined
</failure>
  </testcase>
  <system-out><![CDATA[]]></system-out>
  <system-err><![CDATA[oct 28, 2024 5:26:38 PM org.openqa.selenium.remote.DesiredCapabilities chrome
INFORMACIÓN: Using `new ChromeOptions()` is preferred to `DesiredCapabilities.chrome()`
[Test worker] INFO net.serenitybdd.core.webdriver.driverproviders.ProvideNewDriver - Instantiating driver
[Test worker] INFO net.serenitybdd.core.webdriver.driverproviders.ProvideNewDriver - Driver capabilities: Capabilities {acceptInsecureCerts: false, browserName: chrome, chrome.switches: --start-maximized  --lang=e..., goog:chromeOptions: {args: [--start-maximized, --lang=en-us, --disable-popup-blocking -i..., --disable-blink-features=Au...], extensions: []}, loggingPrefs: org.openqa.selenium.logging..., platform: ANY, version: }
Starting ChromeDriver 130.0.6723.69 (3ec172b971b9478c515a58f591112c5c23fa4965-refs/branch-heads/6723@{#1452}) on port 23751
Only local connections are allowed.
Please see https://chromedriver.chromium.org/security-considerations for suggestions on keeping ChromeDriver safe.
ChromeDriver was started successfully on port 23751.
oct 28, 2024 5:26:40 PM org.openqa.selenium.remote.ProtocolHandshake createSession
INFORMACIÓN: Detected dialect: W3C
[Test worker] INFO net.thucydides.core.steps.ConsoleLoggingListener - TEST PENDING
[Test worker] ERROR net.thucydides.core.steps.ConsoleLoggingListener - 
           __  _____ _____ ____ _____   _____ _    ___ _     _____ ____  
  _       / / |_   _| ____/ ___|_   _| |  ___/ \  |_ _| |   | ____|  _ \ 
 (_)_____| |    | | |  _| \___ \ | |   | |_ / _ \  | || |   |  _| | | | |
  _|_____| |    | | | |___ ___) || |   |  _/ ___ \ | || |___| |___| |_| |
 (_)     | |    |_| |_____|____/ |_|   |_|/_/   \_\___|_____|_____|____/ 
          \_\                                                            

TEST FAILED WITH ERROR: Seleccionar dos productos de la
---------------------------------------------------------------------
[Test worker] ERROR net.thucydides.core.steps.ConsoleLoggingListener - TEST FAILED AT STEP Y El agregue al carrito el producto uno
[Test worker] ERROR net.thucydides.core.steps.ConsoleLoggingListener - 
]]></system-err>
</testsuite>
